listing 1
// Implement the Pythagorean Theorem. 
  
using System;  
  
class Pythagorean {     
  static void Main() {     
    double s1; 
    double s2; 
    double hypot; 
    string str; 
 
    Console.WriteLine("Enter length of first side: "); 
    str = Console.ReadLine(); 
    s1 = Double.Parse(str); 
 
    Console.WriteLine("Enter length of second side: "); 
    str = Console.ReadLine(); 
    s2 = Double.Parse(str); 
 
    hypot = Math.Sqrt(s1*s1 + s2*s2); 
  
    Console.WriteLine("Hypotenuse is " + hypot); 
  }     
}

listing 2
/* Compute the initial investment needed to attain 
   a known future value given annual rate of return 
   and the time period in years. */ 
  
using System;  
  
class InitialInvestment {     
  static void Main() {     
    decimal initInvest; // initial investment 
    decimal futVal;     // future value 
 
    double numYears;    // number of years  
    double intRate;     // annual rate of return as a decimal 
  
    string str;  
 
    Console.Write("Enter future value: "); 
    str = Console.ReadLine(); 
    try {  
      futVal = Decimal.Parse(str);  
    } catch(FormatException exc) {  
      Console.WriteLine(exc.Message);  
      return;  
    }  
 
    Console.Write("Enter interest rate (such as 0.085): "); 
    str = Console.ReadLine(); 
    try {  
      intRate = Double.Parse(str);  
    } catch(FormatException exc) {  
      Console.WriteLine(exc.Message);  
      return;  
    }  
 
    Console.Write("Enter number of years: "); 
    str = Console.ReadLine(); 
    try {  
      numYears = Double.Parse(str);  
    } catch(FormatException exc) {  
      Console.WriteLine(exc.Message);  
      return;  
    }  
 
    initInvest = futVal / (decimal) Math.Pow(intRate+1.0, numYears);  
  
    Console.WriteLine("Initial investment required: {0:C}", 
                      initInvest);  
  }     
}

listing 3
// Manually create a decimal number. 
  
using System;  
  
class CreateDec {     
  static void Main() {     
    decimal d = new decimal(12345, 0, 0, false, 2); 
 
    Console.WriteLine(d); 
  }     
}

listing 4
// Demonstrate several Char methods. 
 
using System;  
using System.Globalization;
  
class CharDemo {     
  static void Main() {     
    string str = "This is a test. $23"; 
    int i; 
 
    for(i=0; i < str.Length; i++) { 
      Console.Write(str[i] + " is"); 
      if(Char.IsDigit(str[i])) 
        Console.Write(" digit"); 
      if(Char.IsLetter(str[i])) 
        Console.Write(" letter"); 
      if(Char.IsLower(str[i])) 
        Console.Write(" lowercase"); 
      if(Char.IsUpper(str[i])) 
        Console.Write(" uppercase"); 
      if(Char.IsSymbol(str[i])) 
        Console.Write(" symbol"); 
      if(Char.IsSeparator(str[i])) 
        Console.Write(" separator"); 
      if(Char.IsWhiteSpace(str[i])) 
        Console.Write(" whitespace"); 
      if(Char.IsPunctuation(str[i])) 
        Console.Write(" punctuation"); 
 
      Console.WriteLine(); 
    } 
 
    Console.WriteLine("Original: " + str); 
 
    // Convert to upper case.    
    string newstr = ""; 
    for(i=0; i < str.Length; i++) 
      newstr += Char.ToUpper(str[i], CultureInfo.CurrentCulture); 
  
    Console.WriteLine("Uppercased: " + newstr); 
 
  }     
}

listing 5
// Sort an array and search for a value. 
 
using System;  
  
class SortDemo {     
  static void Main() {     
    int[] nums = { 5, 4, 6, 3, 14, 9, 8, 17, 1, 24, -1, 0 }; 
   
    // Display original order. 
    Console.Write("Original order: "); 
    foreach(int i in nums)  
      Console.Write(i + " "); 
    Console.WriteLine(); 
 
    // Sort the array. 
    Array.Sort(nums); 
 
    // Display sorted order. 
    Console.Write("Sorted order:   "); 
    foreach(int i in nums)  
      Console.Write(i + " "); 
    Console.WriteLine(); 
 
 
    // Search for 14. 
    int idx = Array.BinarySearch(nums, 14); 
 
    Console.WriteLine("Index of 14 is " + idx); 
  }     
}

listing 6
// Sort and search an array of objects. 
 
using System;  
 
class MyClass : IComparable<MyClass> { 
  public int i; 
  
  public MyClass(int x) { i = x; } 
 
  // Implement IComparable<MyClass>. 
  public int CompareTo(MyClass v) { 
    return i - v.i; 
  } 
 
} 
  
class SortDemo {     
  static void Main() {     
    MyClass[] nums = new MyClass[5]; 
 
    nums[0] = new MyClass(5); 
    nums[1] = new MyClass(2); 
    nums[2] = new MyClass(3); 
    nums[3] = new MyClass(4); 
    nums[4] = new MyClass(1); 
   
    // Display original order. 
    Console.Write("Original order: "); 
    foreach(MyClass o in nums)  
      Console.Write(o.i + " "); 
    Console.WriteLine(); 
 
    // Sort the array. 
    Array.Sort(nums); 
 
    // Display sorted order. 
    Console.Write("Sorted order:   "); 
    foreach(MyClass o in nums)  
      Console.Write(o.i + " "); 
    Console.WriteLine(); 
 
    // Search for MyClass(2). 
    MyClass x = new MyClass(2); 
    int idx = Array.BinarySearch(nums, x); 
 
    Console.WriteLine("Index of MyClass(2) is " + idx); 
  }     
}

listing 7
// Reverse an array. 
 
using System;  
  
class ReverseDemo {     
  static void Main() {     
    int[] nums = { 1, 2, 3, 4, 5 }; 
   
    // Display original order. 
    Console.Write("Original order: "); 
    foreach(int i in nums)  
      Console.Write(i + " "); 
    Console.WriteLine(); 
 
    // Reverse the entire array. 
    Array.Reverse(nums); 
 
    // Display reversed order. 
    Console.Write("Reversed order: "); 
    foreach(int i in nums)  
      Console.Write(i + " "); 
    Console.WriteLine(); 
 
    // Reverse a range. 
    Array.Reverse(nums, 1, 3); 
 
    // Display reversed order. 
    Console.Write("Range reversed: "); 
    foreach(int i in nums)  
      Console.Write(i + " "); 
    Console.WriteLine(); 
  } 
}

listing 8
// Copy an array. 
 
using System;  
  
class CopyDemo {     
  static void Main() {     
    int[] source = { 1, 2, 3, 4, 5 }; 
    int[] target = { 11, 12, 13, 14, 15 }; 
    int[] source2 = { -1, -2, -3, -4, -5 }; 
 
    // Display source. 
    Console.Write("source: "); 
    foreach(int i in source)  
      Console.Write(i + " "); 
    Console.WriteLine(); 
 
    // Display original target. 
    Console.Write("Original contents of target: "); 
    foreach(int i in target)  
      Console.Write(i + " "); 
    Console.WriteLine(); 
 
    // Copy the entire array. 
    Array.Copy(source, target, source.Length); 
 
    // Display copy. 
    Console.Write("target after copy:  "); 
    foreach(int i in target)  
      Console.Write(i + " "); 
    Console.WriteLine(); 
 
    // Copy into middle of target. 
    Array.Copy(source2, 2, target, 3, 2); 
 
    // Display copy. 
    Console.Write("target after copy:  "); 
    foreach(int i in target)  
      Console.Write(i + " "); 
    Console.WriteLine(); 
  } 
}

listing 9
// Demonstrate Predicate delegate. 
  
using System;   
  
class PredDemo {      
 
  // A predicate method.  
  // It returns true if v is negative. 
  static bool IsNeg(int v) { 
    if(v < 0) return true; 
    return false; 
  } 
 
  static void Main() {      
    int[] nums = { 1, 4, -1, 5, -9 }; 
    
    Console.Write("Contents of nums: ");  
    foreach(int i in nums)   
      Console.Write(i + " ");  
    Console.WriteLine();  
  
    // First see if nums contains a negative value. 
    if(Array.Exists(nums, PredDemo.IsNeg)) { 
      Console.WriteLine("nums contains a negative value."); 
 
      // Now, find first negative value. 
      int x = Array.Find(nums, PredDemo.IsNeg); 
      Console.WriteLine("First negative value is : " + x); 
    } 
    else  
      Console.WriteLine("nums contains no negative values."); 
  }      
}

listing 10
// Demonstrate an Action 
   
using System;    
   
class MyClass { 
  public int i;  
   
  public MyClass(int x) { i = x; }  
}  
  
class ActionDemo {       
 
  // An Action method. 
  // It displays the value it is passed. 
  static void Show(MyClass o) { 
    Console.Write(o.i + " "); 
  } 
 
  // Another Action method. 
  // It negates the value it is passed. 
  static void Neg(MyClass o) {  
    o.i = -o.i; 
  }  
  
  static void Main() {       
    MyClass[] nums = new MyClass[5];  
  
    nums[0] = new MyClass(5);  
    nums[1] = new MyClass(2);  
    nums[2] = new MyClass(3);  
    nums[3] = new MyClass(4);  
    nums[4] = new MyClass(1);  
     
    Console.Write("Contents of nums: ");   
 
    // Use action to show the values. 
    Array.ForEach(nums, ActionDemo.Show); 
 
    Console.WriteLine();   
 
    // Use action to negate the values. 
    Array.ForEach(nums, ActionDemo.Neg); 
   
    Console.Write("Contents of nums negated: ");   
 
    // Use action to negate the values again. 
    Array.ForEach(nums, ActionDemo.Show); 
 
    Console.WriteLine();   
  }       
}

listing 11
// An automated pair of dice. 
  
using System;  
  
class RandDice {     
  static void Main() {     
    Random ran = new Random(); 
 
    Console.Write(ran.Next(1, 7) + " ");  
    Console.WriteLine(ran.Next(1, 7));  
  }     
}

listing 12
// Demonstrate ICloneable. 
 
using System;  
 
class X { 
  public int a; 
 
  public X(int x) { a = x; } 
} 
 
class Test : ICloneable { 
  public X o; 
  public int b; 
 
  public Test(int x, int y) { 
    o = new X(x); 
    b = y; 
  } 
 
  public void Show(string name) { 
    Console.Write(name + " values are "); 
    Console.WriteLine("o.a: {0}, b: {1}", o.a, b); 
  } 
 
  // Make a deep copy of the invoking object. 
  public object Clone() { 
    Test temp = new Test(o.a, b); 
    return temp; 
  } 
     
} 
  
class CloneDemo {     
  static void Main() {     
    Test ob1 = new Test(10, 20); 
 
    ob1.Show("ob1"); 
 
    Console.WriteLine("Make ob2 a clone of ob1."); 
    Test ob2 = (Test) ob1.Clone(); 
 
    ob2.Show("ob2"); 
 
    Console.WriteLine("Changing ob1.o.a to 99 and ob1.b to 88."); 
    ob1.o.a = 99; 
    ob1.b = 88; 
 
    ob1.Show("ob1"); 
    ob2.Show("ob2"); 
  } 
}

